\BOOKMARK [1][-]{Rfn.adapt.Rul.aspect.Rul.ratio.1}{adapt\137aspect\137ratio}{}% 1
\BOOKMARK [1][-]{Rfn.addCellIntMetadata.1}{addCellIntMetadata}{}% 2
\BOOKMARK [1][-]{Rfn.addCellMetadata.1}{addCellMetadata}{}% 3
\BOOKMARK [1][-]{Rfn.addCellStatistics.1}{addCellStatistics}{}% 4
\BOOKMARK [1][-]{Rfn.addGeneMetadata.1}{addGeneMetadata}{}% 5
\BOOKMARK [1][-]{Rfn.addGenesPerc.1}{addGenesPerc}{}% 6
\BOOKMARK [1][-]{Rfn.addGeneStatistics.1}{addGeneStatistics}{}% 7
\BOOKMARK [1][-]{Rfn.addGiottoImage.1}{addGiottoImage}{}% 8
\BOOKMARK [1][-]{Rfn.addGiottoImageToSpatPlot.1}{addGiottoImageToSpatPlot}{}% 9
\BOOKMARK [1][-]{Rfn.addHMRF.1}{addHMRF}{}% 10
\BOOKMARK [1][-]{Rfn.addNetworkLayout.1}{addNetworkLayout}{}% 11
\BOOKMARK [1][-]{Rfn.addStatistics.1}{addStatistics}{}% 12
\BOOKMARK [1][-]{Rfn.adjustGiottoMatrix.1}{adjustGiottoMatrix}{}% 13
\BOOKMARK [1][-]{Rfn.aes.Rul.string2.1}{aes\137string2}{}% 14
\BOOKMARK [1][-]{Rfn.all.Rul.plots.Rul.save.Rul.function.1}{all\137plots\137save\137function}{}% 15
\BOOKMARK [1][-]{Rfn.annotateGiotto.1}{annotateGiotto}{}% 16
\BOOKMARK [1][-]{Rfn.annotateSpatialNetwork.1}{annotateSpatialNetwork}{}% 17
\BOOKMARK [1][-]{Rfn.annotate.Rul.spatlocs.Rul.with.Rul.spatgrid.Rul.2D.1}{annotate\137spatlocs\137with\137spatgrid\1372D}{}% 18
\BOOKMARK [1][-]{Rfn.annotate.Rul.spatlocs.Rul.with.Rul.spatgrid.Rul.3D.1}{annotate\137spatlocs\137with\137spatgrid\1373D}{}% 19
\BOOKMARK [1][-]{Rfn.average.Rul.gene.Rul.gene.Rul.expression.Rul.in.Rul.groups.1}{average\137gene\137gene\137expression\137in\137groups}{}% 20
\BOOKMARK [1][-]{Rfn.binSpect.1}{binSpect}{}% 21
\BOOKMARK [1][-]{Rfn.calculateHVG.1}{calculateHVG}{}% 22
\BOOKMARK [1][-]{Rfn.calculateMetaTable.1}{calculateMetaTable}{}% 23
\BOOKMARK [1][-]{Rfn.calculateMetaTableCells.1}{calculateMetaTableCells}{}% 24
\BOOKMARK [1][-]{Rfn.calculate.Rul.distance.Rul.and.Rul.weight.1}{calculate\137distance\137and\137weight}{}% 25
\BOOKMARK [1][-]{Rfn.cellProximityBarplot.1}{cellProximityBarplot}{}% 26
\BOOKMARK [1][-]{Rfn.cellProximityEnrichment.1}{cellProximityEnrichment}{}% 27
\BOOKMARK [1][-]{Rfn.cellProximityHeatmap.1}{cellProximityHeatmap}{}% 28
\BOOKMARK [1][-]{Rfn.cellProximityNetwork.1}{cellProximityNetwork}{}% 29
\BOOKMARK [1][-]{Rfn.cellProximitySpatPlot.1}{cellProximitySpatPlot}{}% 30
\BOOKMARK [1][-]{Rfn.cellProximitySpatPlot2D.1}{cellProximitySpatPlot2D}{}% 31
\BOOKMARK [1][-]{Rfn.cellProximitySpatPlot3D.1}{cellProximitySpatPlot3D}{}% 32
\BOOKMARK [1][-]{Rfn.cellProximityVisPlot.1}{cellProximityVisPlot}{}% 33
\BOOKMARK [1][-]{Rfn.cellProximityVisPlot.Rul.2D.Rul.ggplot.1}{cellProximityVisPlot\1372D\137ggplot}{}% 34
\BOOKMARK [1][-]{Rfn.cellProximityVisPlot.Rul.2D.Rul.plotly.1}{cellProximityVisPlot\1372D\137plotly}{}% 35
\BOOKMARK [1][-]{Rfn.cellProximityVisPlot.Rul.3D.Rul.plotly.1}{cellProximityVisPlot\1373D\137plotly}{}% 36
\BOOKMARK [1][-]{Rfn.changeGiottoInstructions.1}{changeGiottoInstructions}{}% 37
\BOOKMARK [1][-]{Rfn.changeImageBg.1}{changeImageBg}{}% 38
\BOOKMARK [1][-]{Rfn.clusterCells.1}{clusterCells}{}% 39
\BOOKMARK [1][-]{Rfn.clusterSpatialCorGenes.1}{clusterSpatialCorGenes}{}% 40
\BOOKMARK [1][-]{Rfn.colMeans.Rul.giotto.1}{colMeans\137giotto}{}% 41
\BOOKMARK [1][-]{Rfn.colSums.Rul.giotto.1}{colSums\137giotto}{}% 42
\BOOKMARK [1][-]{Rfn.combCCcom.1}{combCCcom}{}% 43
\BOOKMARK [1][-]{Rfn.combineCellProximityGenes.1}{combineCellProximityGenes}{}% 44
\BOOKMARK [1][-]{Rfn.combineCellProximityGenes.Rul.per.Rul.interaction.1}{combineCellProximityGenes\137per\137interaction}{}% 45
\BOOKMARK [1][-]{Rfn.combineCPG.1}{combineCPG}{}% 46
\BOOKMARK [1][-]{Rfn.combineMetadata.1}{combineMetadata}{}% 47
\BOOKMARK [1][-]{Rfn.convertEnsemblToGeneSymbol.1}{convertEnsemblToGeneSymbol}{}% 48
\BOOKMARK [1][-]{Rfn.convert.Rul.mgImage.Rul.to.Rul.array.Rul.DT.1}{convert\137mgImage\137to\137array\137DT}{}% 49
\BOOKMARK [1][-]{Rfn.convert.Rul.to.Rul.full.Rul.spatial.Rul.network.1}{convert\137to\137full\137spatial\137network}{}% 50
\BOOKMARK [1][-]{Rfn.convert.Rul.to.Rul.reduced.Rul.spatial.Rul.network.1}{convert\137to\137reduced\137spatial\137network}{}% 51
\BOOKMARK [1][-]{Rfn.cor.Rul.giotto.1}{cor\137giotto}{}% 52
\BOOKMARK [1][-]{Rfn.cor.Rul.sparse.1}{cor\137sparse}{}% 53
\BOOKMARK [1][-]{Rfn.createCrossSection.1}{createCrossSection}{}% 54
\BOOKMARK [1][-]{Rfn.createGiottoImage.1}{createGiottoImage}{}% 55
\BOOKMARK [1][-]{Rfn.createGiottoInstructions.1}{createGiottoInstructions}{}% 56
\BOOKMARK [1][-]{Rfn.createGiottoObject.1}{createGiottoObject}{}% 57
\BOOKMARK [1][-]{Rfn.createGiottoVisiumObject.1}{createGiottoVisiumObject}{}% 58
\BOOKMARK [1][-]{Rfn.createHeatmap.Rul.DT.1}{createHeatmap\137DT}{}% 59
\BOOKMARK [1][-]{Rfn.createMetagenes.1}{createMetagenes}{}% 60
\BOOKMARK [1][-]{Rfn.createNearestNetwork.1}{createNearestNetwork}{}% 61
\BOOKMARK [1][-]{Rfn.createSpatialDelaunayNetwork.1}{createSpatialDelaunayNetwork}{}% 62
\BOOKMARK [1][-]{Rfn.createSpatialEnrich.1}{createSpatialEnrich}{}% 63
\BOOKMARK [1][-]{Rfn.createSpatialGrid.1}{createSpatialGrid}{}% 64
\BOOKMARK [1][-]{Rfn.createSpatialGrid.Rul.2D.1}{createSpatialGrid\1372D}{}% 65
\BOOKMARK [1][-]{Rfn.createSpatialGrid.Rul.3D.1}{createSpatialGrid\1373D}{}% 66
\BOOKMARK [1][-]{Rfn.createSpatialKNNnetwork.1}{createSpatialKNNnetwork}{}% 67
\BOOKMARK [1][-]{Rfn.createSpatialNetwork.1}{createSpatialNetwork}{}% 68
\BOOKMARK [1][-]{Rfn.create.Rul.2d.Rul.mesh.Rul.grid.Rul.line.Rul.obj.1}{create\1372d\137mesh\137grid\137line\137obj}{}% 69
\BOOKMARK [1][-]{Rfn.create.Rul.average.Rul.detection.Rul.DT.1}{create\137average\137detection\137DT}{}% 70
\BOOKMARK [1][-]{Rfn.create.Rul.average.Rul.DT.1}{create\137average\137DT}{}% 71
\BOOKMARK [1][-]{Rfn.create.Rul.cell.Rul.type.Rul.random.Rul.cell.Rul.IDs.1}{create\137cell\137type\137random\137cell\137IDs}{}% 72
\BOOKMARK [1][-]{Rfn.create.Rul.cluster.Rul.matrix.1}{create\137cluster\137matrix}{}% 73
\BOOKMARK [1][-]{Rfn.create.Rul.crossSection.Rul.object.1}{create\137crossSection\137object}{}% 74
\BOOKMARK [1][-]{Rfn.create.Rul.delaunayNetwork2D.1}{create\137delaunayNetwork2D}{}% 75
\BOOKMARK [1][-]{Rfn.create.Rul.delaunayNetwork3D.1}{create\137delaunayNetwork3D}{}% 76
\BOOKMARK [1][-]{Rfn.create.Rul.delaunayNetwork.Rul.deldir.1}{create\137delaunayNetwork\137deldir}{}% 77
\BOOKMARK [1][-]{Rfn.create.Rul.delaunayNetwork.Rul.geometry.1}{create\137delaunayNetwork\137geometry}{}% 78
\BOOKMARK [1][-]{Rfn.create.Rul.delaunayNetwork.Rul.geometry.Rul.3D.1}{create\137delaunayNetwork\137geometry\1373D}{}% 79
\BOOKMARK [1][-]{Rfn.create.Rul.delaunayNetwork.Rul.RTriangle.1}{create\137delaunayNetwork\137RTriangle}{}% 80
\BOOKMARK [1][-]{Rfn.create.Rul.dimObject.1}{create\137dimObject}{}% 81
\BOOKMARK [1][-]{Rfn.create.Rul.genes.Rul.to.Rul.use.Rul.matrix.1}{create\137genes\137to\137use\137matrix}{}% 82
\BOOKMARK [1][-]{Rfn.create.Rul.jackstrawplot.1}{create\137jackstrawplot}{}% 83
\BOOKMARK [1][-]{Rfn.create.Rul.KNNnetwork.Rul.dbscan.1}{create\137KNNnetwork\137dbscan}{}% 84
\BOOKMARK [1][-]{Rfn.create.Rul.mesh.Rul.grid.Rul.lines.1}{create\137mesh\137grid\137lines}{}% 85
\BOOKMARK [1][-]{Rfn.create.Rul.screeplot.1}{create\137screeplot}{}% 86
\BOOKMARK [1][-]{Rfn.create.Rul.spatialNetworkObject.1}{create\137spatialNetworkObject}{}% 87
\BOOKMARK [1][-]{Rfn.crossSectionGenePlot.1}{crossSectionGenePlot}{}% 88
\BOOKMARK [1][-]{Rfn.crossSectionGenePlot3D.1}{crossSectionGenePlot3D}{}% 89
\BOOKMARK [1][-]{Rfn.crossSectionPlot.1}{crossSectionPlot}{}% 90
\BOOKMARK [1][-]{Rfn.crossSectionPlot3D.1}{crossSectionPlot3D}{}% 91
\BOOKMARK [1][-]{Rfn.decide.Rul.cluster.Rul.order.1}{decide\137cluster\137order}{}% 92
\BOOKMARK [1][-]{Rfn.detectSpatialCorGenes.1}{detectSpatialCorGenes}{}% 93
\BOOKMARK [1][-]{Rfn.detectSpatialPatterns.1}{detectSpatialPatterns}{}% 94
\BOOKMARK [1][-]{Rfn.dimCellPlot.1}{dimCellPlot}{}% 95
\BOOKMARK [1][-]{Rfn.dimCellPlot2D.1}{dimCellPlot2D}{}% 96
\BOOKMARK [1][-]{Rfn.dimGenePlot.1}{dimGenePlot}{}% 97
\BOOKMARK [1][-]{Rfn.dimGenePlot2D.1}{dimGenePlot2D}{}% 98
\BOOKMARK [1][-]{Rfn.dimGenePlot3D.1}{dimGenePlot3D}{}% 99
\BOOKMARK [1][-]{Rfn.dimPlot.1}{dimPlot}{}% 100
\BOOKMARK [1][-]{Rfn.dimPlot2D.1}{dimPlot2D}{}% 101
\BOOKMARK [1][-]{Rfn.dimPlot2D.Rul.single.1}{dimPlot2D\137single}{}% 102
\BOOKMARK [1][-]{Rfn.dimPlot3D.1}{dimPlot3D}{}% 103
\BOOKMARK [1][-]{Rfn.doHclust.1}{doHclust}{}% 104
\BOOKMARK [1][-]{Rfn.doHMRF.1}{doHMRF}{}% 105
\BOOKMARK [1][-]{Rfn.doKmeans.1}{doKmeans}{}% 106
\BOOKMARK [1][-]{Rfn.doLeidenCluster.1}{doLeidenCluster}{}% 107
\BOOKMARK [1][-]{Rfn.doLeidenSubCluster.1}{doLeidenSubCluster}{}% 108
\BOOKMARK [1][-]{Rfn.doLouvainCluster.1}{doLouvainCluster}{}% 109
\BOOKMARK [1][-]{Rfn.doLouvainCluster.Rul.community.1}{doLouvainCluster\137community}{}% 110
\BOOKMARK [1][-]{Rfn.doLouvainCluster.Rul.multinet.1}{doLouvainCluster\137multinet}{}% 111
\BOOKMARK [1][-]{Rfn.doLouvainSubCluster.1}{doLouvainSubCluster}{}% 112
\BOOKMARK [1][-]{Rfn.doLouvainSubCluster.Rul.community.1}{doLouvainSubCluster\137community}{}% 113
\BOOKMARK [1][-]{Rfn.doLouvainSubCluster.Rul.multinet.1}{doLouvainSubCluster\137multinet}{}% 114
\BOOKMARK [1][-]{Rfn.doRandomWalkCluster.1}{doRandomWalkCluster}{}% 115
\BOOKMARK [1][-]{Rfn.doSNNCluster.1}{doSNNCluster}{}% 116
\BOOKMARK [1][-]{Rfn.do.Rul.cell.Rul.proximity.Rul.test.1}{do\137cell\137proximity\137test}{}% 117
\BOOKMARK [1][-]{Rfn.do.Rul.limmatest.1}{do\137limmatest}{}% 118
\BOOKMARK [1][-]{Rfn.do.Rul.multi.Rul.permuttest.Rul.random.1}{do\137multi\137permuttest\137random}{}% 119
\BOOKMARK [1][-]{Rfn.do.Rul.page.Rul.permutation.1}{do\137page\137permutation}{}% 120
\BOOKMARK [1][-]{Rfn.do.Rul.permuttest.Rul.original.1}{do\137permuttest\137original}{}% 121
\BOOKMARK [1][-]{Rfn.do.Rul.permuttest.Rul.random.1}{do\137permuttest\137random}{}% 122
\BOOKMARK [1][-]{Rfn.do.Rul.rank.Rul.permutation.1}{do\137rank\137permutation}{}% 123
\BOOKMARK [1][-]{Rfn.do.Rul.spatial.Rul.grid.Rul.averaging.1}{do\137spatial\137grid\137averaging}{}% 124
\BOOKMARK [1][-]{Rfn.do.Rul.spatial.Rul.knn.Rul.smoothing.1}{do\137spatial\137knn\137smoothing}{}% 125
\BOOKMARK [1][-]{Rfn.do.Rul.ttest.1}{do\137ttest}{}% 126
\BOOKMARK [1][-]{Rfn.DT.Rul.removeNA.1}{DT\137removeNA}{}% 127
\BOOKMARK [1][-]{Rfn.dt.Rul.to.Rul.matrix.1}{dt\137to\137matrix}{}% 128
\BOOKMARK [1][-]{Rfn.estimateCellCellDistance.1}{estimateCellCellDistance}{}% 129
\BOOKMARK [1][-]{Rfn.estimateImageBg.1}{estimateImageBg}{}% 130
\BOOKMARK [1][-]{Rfn.evaluate.Rul.expr.Rul.matrix.1}{evaluate\137expr\137matrix}{}% 131
\BOOKMARK [1][-]{Rfn.exportGiottoViewer.1}{exportGiottoViewer}{}% 132
\BOOKMARK [1][-]{Rfn.exprCellCellcom.1}{exprCellCellcom}{}% 133
\BOOKMARK [1][-]{Rfn.extended.Rul.gini.Rul.fun.1}{extended\137gini\137fun}{}% 134
\BOOKMARK [1][-]{Rfn.extend.Rul.vector.1}{extend\137vector}{}% 135
\BOOKMARK [1][-]{Rfn.extractNearestNetwork.1}{extractNearestNetwork}{}% 136
\BOOKMARK [1][-]{Rfn.fDataDT.1}{fDataDT}{}% 137
\BOOKMARK [1][-]{Rfn.filterCellProximityGenes.1}{filterCellProximityGenes}{}% 138
\BOOKMARK [1][-]{Rfn.filterCombinations.1}{filterCombinations}{}% 139
\BOOKMARK [1][-]{Rfn.filterCPG.1}{filterCPG}{}% 140
\BOOKMARK [1][-]{Rfn.filterDistributions.1}{filterDistributions}{}% 141
\BOOKMARK [1][-]{Rfn.filterGiotto.1}{filterGiotto}{}% 142
\BOOKMARK [1][-]{Rfn.filter.Rul.network.1}{filter\137network}{}% 143
\BOOKMARK [1][-]{Rfn.findCellProximityGenes.1}{findCellProximityGenes}{}% 144
\BOOKMARK [1][-]{Rfn.findCellProximityGenes.Rul.per.Rul.interaction.1}{findCellProximityGenes\137per\137interaction}{}% 145
\BOOKMARK [1][-]{Rfn.findCPG.1}{findCPG}{}% 146
\BOOKMARK [1][-]{Rfn.findGiniMarkers.1}{findGiniMarkers}{}% 147
\BOOKMARK [1][-]{Rfn.findGiniMarkers.Rul.one.Rul.vs.Rul.all.1}{findGiniMarkers\137one\137vs\137all}{}% 148
\BOOKMARK [1][-]{Rfn.findMarkers.1}{findMarkers}{}% 149
\BOOKMARK [1][-]{Rfn.findMarkers.Rul.one.Rul.vs.Rul.all.1}{findMarkers\137one\137vs\137all}{}% 150
\BOOKMARK [1][-]{Rfn.findMastMarkers.1}{findMastMarkers}{}% 151
\BOOKMARK [1][-]{Rfn.findMastMarkers.Rul.one.Rul.vs.Rul.all.1}{findMastMarkers\137one\137vs\137all}{}% 152
\BOOKMARK [1][-]{Rfn.findNetworkNeighbors.1}{findNetworkNeighbors}{}% 153
\BOOKMARK [1][-]{Rfn.findScranMarkers.1}{findScranMarkers}{}% 154
\BOOKMARK [1][-]{Rfn.findScranMarkers.Rul.one.Rul.vs.Rul.all.1}{findScranMarkers\137one\137vs\137all}{}% 155
\BOOKMARK [1][-]{Rfn.find.Rul.grid.Rul.2D.1}{find\137grid\1372D}{}% 156
\BOOKMARK [1][-]{Rfn.find.Rul.grid.Rul.3D.1}{find\137grid\1373D}{}% 157
\BOOKMARK [1][-]{Rfn.find.Rul.grid.Rul.x.1}{find\137grid\137x}{}% 158
\BOOKMARK [1][-]{Rfn.find.Rul.grid.Rul.y.1}{find\137grid\137y}{}% 159
\BOOKMARK [1][-]{Rfn.find.Rul.grid.Rul.z.1}{find\137grid\137z}{}% 160
\BOOKMARK [1][-]{Rfn.find.Rul.x.Rul.y.Rul.ranges.1}{find\137x\137y\137ranges}{}% 161
\BOOKMARK [1][-]{Rfn.general.Rul.save.Rul.function.1}{general\137save\137function}{}% 162
\BOOKMARK [1][-]{Rfn.get10Xmatrix.1}{get10Xmatrix}{}% 163
\BOOKMARK [1][-]{Rfn.getClusterSimilarity.1}{getClusterSimilarity}{}% 164
\BOOKMARK [1][-]{Rfn.getDendrogramSplits.1}{getDendrogramSplits}{}% 165
\BOOKMARK [1][-]{Rfn.getDistinctColors.1}{getDistinctColors}{}% 166
\BOOKMARK [1][-]{Rfn.getGiottoImage.1}{getGiottoImage}{}% 167
\BOOKMARK [1][-]{Rfn.get.Rul.cross.Rul.section.Rul.coordinates.1}{get\137cross\137section\137coordinates}{}% 168
\BOOKMARK [1][-]{Rfn.get.Rul.distance.1}{get\137distance}{}% 169
\BOOKMARK [1][-]{Rfn.get.Rul.sectionThickness.1}{get\137sectionThickness}{}% 170
\BOOKMARK [1][-]{Rfn.ggplot.Rul.save.Rul.function.1}{ggplot\137save\137function}{}% 171
\BOOKMARK [1][-]{Rfn.giotto.Rdash.class.1}{giotto-class}{}% 172
\BOOKMARK [1][-]{Rfn.heatmSpatialCorGenes.1}{heatmSpatialCorGenes}{}% 173
\BOOKMARK [1][-]{Rfn.hyperGeometricEnrich.1}{hyperGeometricEnrich}{}% 174
\BOOKMARK [1][-]{Rfn.insertCrossSectionGenePlot3D.1}{insertCrossSectionGenePlot3D}{}% 175
\BOOKMARK [1][-]{Rfn.insertCrossSectionSpatPlot3D.1}{insertCrossSectionSpatPlot3D}{}% 176
\BOOKMARK [1][-]{Rfn.jackstrawPlot.1}{jackstrawPlot}{}% 177
\BOOKMARK [1][-]{Rfn.kmeans.Rul.binarize.1}{kmeans\137binarize}{}% 178
\BOOKMARK [1][-]{Rfn.libNorm.Rul.giotto.1}{libNorm\137giotto}{}% 179
\BOOKMARK [1][-]{Rfn.loadHMRF.1}{loadHMRF}{}% 180
\BOOKMARK [1][-]{Rfn.logNorm.Rul.giotto.1}{logNorm\137giotto}{}% 181
\BOOKMARK [1][-]{Rfn.makeSignMatrixPAGE.1}{makeSignMatrixPAGE}{}% 182
\BOOKMARK [1][-]{Rfn.makeSignMatrixRank.1}{makeSignMatrixRank}{}% 183
\BOOKMARK [1][-]{Rfn.make.Rul.simulated.Rul.network.1}{make\137simulated\137network}{}% 184
\BOOKMARK [1][-]{Rfn.mean.Rul.expr.Rul.det.Rul.test.1}{mean\137expr\137det\137test}{}% 185
\BOOKMARK [1][-]{Rfn.mean.Rul.giotto.1}{mean\137giotto}{}% 186
\BOOKMARK [1][-]{Rfn.mergeClusters.1}{mergeClusters}{}% 187
\BOOKMARK [1][-]{Rfn.mygini.Rul.fun.1}{mygini\137fun}{}% 188
\BOOKMARK [1][-]{Rfn.my.Rul.arowMeans.1}{my\137arowMeans}{}% 189
\BOOKMARK [1][-]{Rfn.my.Rul.growMeans.1}{my\137growMeans}{}% 190
\BOOKMARK [1][-]{Rfn.my.Rul.rowMeans.1}{my\137rowMeans}{}% 191
\BOOKMARK [1][-]{Rfn.nnDT.Rul.to.Rul.kNN.1}{nnDT\137to\137kNN}{}% 192
\BOOKMARK [1][-]{Rfn.node.Rul.clusters.1}{node\137clusters}{}% 193
\BOOKMARK [1][-]{Rfn.normalizeGiotto.1}{normalizeGiotto}{}% 194
\BOOKMARK [1][-]{Rfn.PAGEEnrich.1}{PAGEEnrich}{}% 195
\BOOKMARK [1][-]{Rfn.pca.Rul.giotto.1}{pca\137giotto}{}% 196
\BOOKMARK [1][-]{Rfn.pDataDT.1}{pDataDT}{}% 197
\BOOKMARK [1][-]{Rfn.plotCCcomDotplot.1}{plotCCcomDotplot}{}% 198
\BOOKMARK [1][-]{Rfn.plotCCcomHeatmap.1}{plotCCcomHeatmap}{}% 199
\BOOKMARK [1][-]{Rfn.plotCellProximityGenes.1}{plotCellProximityGenes}{}% 200
\BOOKMARK [1][-]{Rfn.plotCombineCCcom.1}{plotCombineCCcom}{}% 201
\BOOKMARK [1][-]{Rfn.plotCombineCellCellCommunication.1}{plotCombineCellCellCommunication}{}% 202
\BOOKMARK [1][-]{Rfn.plotCombineCellProximityGenes.1}{plotCombineCellProximityGenes}{}% 203
\BOOKMARK [1][-]{Rfn.plotCombineCPG.1}{plotCombineCPG}{}% 204
\BOOKMARK [1][-]{Rfn.plotCPG.1}{plotCPG}{}% 205
\BOOKMARK [1][-]{Rfn.plotGiottoImage.1}{plotGiottoImage}{}% 206
\BOOKMARK [1][-]{Rfn.plotHeatmap.1}{plotHeatmap}{}% 207
\BOOKMARK [1][-]{Rfn.plotICG.1}{plotICG}{}% 208
\BOOKMARK [1][-]{Rfn.plotInteractionChangedGenes.1}{plotInteractionChangedGenes}{}% 209
\BOOKMARK [1][-]{Rfn.plotly.Rul.axis.Rul.scale.Rul.2D.1}{plotly\137axis\137scale\1372D}{}% 210
\BOOKMARK [1][-]{Rfn.plotly.Rul.axis.Rul.scale.Rul.3D.1}{plotly\137axis\137scale\1373D}{}% 211
\BOOKMARK [1][-]{Rfn.plotly.Rul.grid.1}{plotly\137grid}{}% 212
\BOOKMARK [1][-]{Rfn.plotly.Rul.network.1}{plotly\137network}{}% 213
\BOOKMARK [1][-]{Rfn.plotMetaDataCellsHeatmap.1}{plotMetaDataCellsHeatmap}{}% 214
\BOOKMARK [1][-]{Rfn.plotMetaDataHeatmap.1}{plotMetaDataHeatmap}{}% 215
\BOOKMARK [1][-]{Rfn.plotPCA.1}{plotPCA}{}% 216
\BOOKMARK [1][-]{Rfn.plotPCA.Rul.2D.1}{plotPCA\1372D}{}% 217
\BOOKMARK [1][-]{Rfn.plotPCA.Rul.3D.1}{plotPCA\1373D}{}% 218
\BOOKMARK [1][-]{Rfn.plotRankSpatvsExpr.1}{plotRankSpatvsExpr}{}% 219
\BOOKMARK [1][-]{Rfn.plotRecovery.1}{plotRecovery}{}% 220
\BOOKMARK [1][-]{Rfn.plotRecovery.Rul.sub.1}{plotRecovery\137sub}{}% 221
\BOOKMARK [1][-]{Rfn.plotStatDelaunayNetwork.1}{plotStatDelaunayNetwork}{}% 222
\BOOKMARK [1][-]{Rfn.plotTSNE.1}{plotTSNE}{}% 223
\BOOKMARK [1][-]{Rfn.plotTSNE.Rul.2D.1}{plotTSNE\1372D}{}% 224
\BOOKMARK [1][-]{Rfn.plotTSNE.Rul.3D.1}{plotTSNE\1373D}{}% 225
\BOOKMARK [1][-]{Rfn.plotUMAP.1}{plotUMAP}{}% 226
\BOOKMARK [1][-]{Rfn.plotUMAP.Rul.2D.1}{plotUMAP\1372D}{}% 227
\BOOKMARK [1][-]{Rfn.plotUMAP.Rul.3D.1}{plotUMAP\1373D}{}% 228
\BOOKMARK [1][-]{Rfn.plot.Rul.network.Rul.layer.Rul.ggplot.1}{plot\137network\137layer\137ggplot}{}% 229
\BOOKMARK [1][-]{Rfn.plot.Rul.point.Rul.layer.Rul.ggplot.1}{plot\137point\137layer\137ggplot}{}% 230
\BOOKMARK [1][-]{Rfn.plot.Rul.point.Rul.layer.Rul.ggplot.Rul.noFILL.1}{plot\137point\137layer\137ggplot\137noFILL}{}% 231
\BOOKMARK [1][-]{Rfn.plot.Rul.spat.Rul.image.Rul.layer.Rul.ggplot.1}{plot\137spat\137image\137layer\137ggplot}{}% 232
\BOOKMARK [1][-]{Rfn.plot.Rul.spat.Rul.point.Rul.layer.Rul.ggplot.1}{plot\137spat\137point\137layer\137ggplot}{}% 233
\BOOKMARK [1][-]{Rfn.plot.Rul.spat.Rul.point.Rul.layer.Rul.ggplot.Rul.noFILL.1}{plot\137spat\137point\137layer\137ggplot\137noFILL}{}% 234
\BOOKMARK [1][-]{Rfn.plot.Rul.spat.Rul.voronoi.Rul.layer.Rul.ggplot.1}{plot\137spat\137voronoi\137layer\137ggplot}{}% 235
\BOOKMARK [1][-]{Rfn.print.giotto.1}{print.giotto}{}% 236
\BOOKMARK [1][-]{Rfn.projection.Rul.fun.1}{projection\137fun}{}% 237
\BOOKMARK [1][-]{Rfn.rankEnrich.1}{rankEnrich}{}% 238
\BOOKMARK [1][-]{Rfn.rankSpatialCorGroups.1}{rankSpatialCorGroups}{}% 239
\BOOKMARK [1][-]{Rfn.rank.Rul.binarize.1}{rank\137binarize}{}% 240
\BOOKMARK [1][-]{Rfn.readExprMatrix.1}{readExprMatrix}{}% 241
\BOOKMARK [1][-]{Rfn.readGiottoInstructions.1}{readGiottoInstructions}{}% 242
\BOOKMARK [1][-]{Rfn.read.Rul.crossSection.1}{read\137crossSection}{}% 243
\BOOKMARK [1][-]{Rfn.removeCellAnnotation.1}{removeCellAnnotation}{}% 244
\BOOKMARK [1][-]{Rfn.removeGeneAnnotation.1}{removeGeneAnnotation}{}% 245
\BOOKMARK [1][-]{Rfn.replaceGiottoInstructions.1}{replaceGiottoInstructions}{}% 246
\BOOKMARK [1][-]{Rfn.reshape.Rul.to.Rul.data.Rul.point.1}{reshape\137to\137data\137point}{}% 247
\BOOKMARK [1][-]{Rfn.reshape.Rul.to.Rul.mesh.Rul.grid.Rul.obj.1}{reshape\137to\137mesh\137grid\137obj}{}% 248
\BOOKMARK [1][-]{Rfn.rowMeans.Rul.giotto.1}{rowMeans\137giotto}{}% 249
\BOOKMARK [1][-]{Rfn.rowSums.Rul.giotto.1}{rowSums\137giotto}{}% 250
\BOOKMARK [1][-]{Rfn.runPCA.1}{runPCA}{}% 251
\BOOKMARK [1][-]{Rfn.runtSNE.1}{runtSNE}{}% 252
\BOOKMARK [1][-]{Rfn.runUMAP.1}{runUMAP}{}% 253
\BOOKMARK [1][-]{Rfn.screePlot.1}{screePlot}{}% 254
\BOOKMARK [1][-]{Rfn.selectPatternGenes.1}{selectPatternGenes}{}% 255
\BOOKMARK [1][-]{Rfn.select.Rul.expression.Rul.values.1}{select\137expression\137values}{}% 256
\BOOKMARK [1][-]{Rfn.select.Rul.spatialNetwork.1}{select\137spatialNetwork}{}% 257
\BOOKMARK [1][-]{Rfn.set.Rul.giotto.Rul.python.Rul.path.1}{set\137giotto\137python\137path}{}% 258
\BOOKMARK [1][-]{Rfn.show,giotto.Rdash.method.1}{show,giotto-method}{}% 259
\BOOKMARK [1][-]{Rfn.showClusterDendrogram.1}{showClusterDendrogram}{}% 260
\BOOKMARK [1][-]{Rfn.showClusterHeatmap.1}{showClusterHeatmap}{}% 261
\BOOKMARK [1][-]{Rfn.showGiottoImageNames.1}{showGiottoImageNames}{}% 262
\BOOKMARK [1][-]{Rfn.showGiottoInstructions.1}{showGiottoInstructions}{}% 263
\BOOKMARK [1][-]{Rfn.showPattern.1}{showPattern}{}% 264
\BOOKMARK [1][-]{Rfn.showPattern2D.1}{showPattern2D}{}% 265
\BOOKMARK [1][-]{Rfn.showPattern3D.1}{showPattern3D}{}% 266
\BOOKMARK [1][-]{Rfn.showPatternGenes.1}{showPatternGenes}{}% 267
\BOOKMARK [1][-]{Rfn.showProcessingSteps.1}{showProcessingSteps}{}% 268
\BOOKMARK [1][-]{Rfn.showSpatialCorGenes.1}{showSpatialCorGenes}{}% 269
\BOOKMARK [1][-]{Rfn.signPCA.1}{signPCA}{}% 270
\BOOKMARK [1][-]{Rfn.silhouetteRank.1}{silhouetteRank}{}% 271
\BOOKMARK [1][-]{Rfn.sort.Rul.combine.Rul.two.Rul.DT.Rul.columns.1}{sort\137combine\137two\137DT\137columns}{}% 272
\BOOKMARK [1][-]{Rfn.spatCellCellcom.1}{spatCellCellcom}{}% 273
\BOOKMARK [1][-]{Rfn.spatCellPlot.1}{spatCellPlot}{}% 274
\BOOKMARK [1][-]{Rfn.spatCellPlot2D.1}{spatCellPlot2D}{}% 275
\BOOKMARK [1][-]{Rfn.spatDimCellPlot.1}{spatDimCellPlot}{}% 276
\BOOKMARK [1][-]{Rfn.spatDimCellPlot2D.1}{spatDimCellPlot2D}{}% 277
\BOOKMARK [1][-]{Rfn.spatDimGenePlot.1}{spatDimGenePlot}{}% 278
\BOOKMARK [1][-]{Rfn.spatDimGenePlot2D.1}{spatDimGenePlot2D}{}% 279
\BOOKMARK [1][-]{Rfn.spatDimGenePlot3D.1}{spatDimGenePlot3D}{}% 280
\BOOKMARK [1][-]{Rfn.spatDimPlot.1}{spatDimPlot}{}% 281
\BOOKMARK [1][-]{Rfn.spatDimPlot2D.1}{spatDimPlot2D}{}% 282
\BOOKMARK [1][-]{Rfn.spatDimPlot3D.1}{spatDimPlot3D}{}% 283
\BOOKMARK [1][-]{Rfn.spatGenePlot.1}{spatGenePlot}{}% 284
\BOOKMARK [1][-]{Rfn.spatGenePlot2D.1}{spatGenePlot2D}{}% 285
\BOOKMARK [1][-]{Rfn.spatGenePlot3D.1}{spatGenePlot3D}{}% 286
\BOOKMARK [1][-]{Rfn.spatialAEH.1}{spatialAEH}{}% 287
\BOOKMARK [1][-]{Rfn.spatialDE.1}{spatialDE}{}% 288
\BOOKMARK [1][-]{Rfn.Spatial.Rul.AEH.1}{Spatial\137AEH}{}% 289
\BOOKMARK [1][-]{Rfn.Spatial.Rul.DE.1}{Spatial\137DE}{}% 290
\BOOKMARK [1][-]{Rfn.spatNetwDistributions.1}{spatNetwDistributions}{}% 291
\BOOKMARK [1][-]{Rfn.spatNetwDistributionsDistance.1}{spatNetwDistributionsDistance}{}% 292
\BOOKMARK [1][-]{Rfn.spatNetwDistributionsKneighbors.1}{spatNetwDistributionsKneighbors}{}% 293
\BOOKMARK [1][-]{Rfn.spatPlot.1}{spatPlot}{}% 294
\BOOKMARK [1][-]{Rfn.spatPlot2D.1}{spatPlot2D}{}% 295
\BOOKMARK [1][-]{Rfn.spatPlot2D.Rul.single.1}{spatPlot2D\137single}{}% 296
\BOOKMARK [1][-]{Rfn.spatPlot3D.1}{spatPlot3D}{}% 297
\BOOKMARK [1][-]{Rfn.spat.Rul.fish.Rul.func.1}{spat\137fish\137func}{}% 298
\BOOKMARK [1][-]{Rfn.spat.Rul.OR.Rul.func.1}{spat\137OR\137func}{}% 299
\BOOKMARK [1][-]{Rfn.specificCellCellcommunicationScores.1}{specificCellCellcommunicationScores}{}% 300
\BOOKMARK [1][-]{Rfn.split.Rul.dendrogram.Rul.in.Rul.two.1}{split\137dendrogram\137in\137two}{}% 301
\BOOKMARK [1][-]{Rfn.standardise.Rul.giotto.1}{standardise\137giotto}{}% 302
\BOOKMARK [1][-]{Rfn.stitchFieldCoordinates.1}{stitchFieldCoordinates}{}% 303
\BOOKMARK [1][-]{Rfn.stitchTileCoordinates.1}{stitchTileCoordinates}{}% 304
\BOOKMARK [1][-]{Rfn.subClusterCells.1}{subClusterCells}{}% 305
\BOOKMARK [1][-]{Rfn.subsetGiotto.1}{subsetGiotto}{}% 306
\BOOKMARK [1][-]{Rfn.subsetGiottoLocs.1}{subsetGiottoLocs}{}% 307
\BOOKMARK [1][-]{Rfn.transform.Rul.2d.Rul.mesh.Rul.to.Rul.3d.Rul.mesh.1}{transform\1372d\137mesh\137to\1373d\137mesh}{}% 308
\BOOKMARK [1][-]{Rfn.trendSceek.1}{trendSceek}{}% 309
\BOOKMARK [1][-]{Rfn.t.Rul.giotto.1}{t\137giotto}{}% 310
\BOOKMARK [1][-]{Rfn.updateGiottoImage.1}{updateGiottoImage}{}% 311
\BOOKMARK [1][-]{Rfn.viewHMRFresults.1}{viewHMRFresults}{}% 312
\BOOKMARK [1][-]{Rfn.viewHMRFresults2D.1}{viewHMRFresults2D}{}% 313
\BOOKMARK [1][-]{Rfn.viewHMRFresults3D.1}{viewHMRFresults3D}{}% 314
\BOOKMARK [1][-]{Rfn.violinPlot.1}{violinPlot}{}% 315
\BOOKMARK [1][-]{Rfn.visDimGenePlot.1}{visDimGenePlot}{}% 316
\BOOKMARK [1][-]{Rfn.visDimGenePlot.Rul.2D.Rul.ggplot.1}{visDimGenePlot\1372D\137ggplot}{}% 317
\BOOKMARK [1][-]{Rfn.visDimGenePlot.Rul.3D.Rul.plotly.1}{visDimGenePlot\1373D\137plotly}{}% 318
\BOOKMARK [1][-]{Rfn.visDimPlot.1}{visDimPlot}{}% 319
\BOOKMARK [1][-]{Rfn.visDimPlot.Rul.2D.Rul.ggplot.1}{visDimPlot\1372D\137ggplot}{}% 320
\BOOKMARK [1][-]{Rfn.visDimPlot.Rul.2D.Rul.plotly.1}{visDimPlot\1372D\137plotly}{}% 321
\BOOKMARK [1][-]{Rfn.visDimPlot.Rul.3D.Rul.plotly.1}{visDimPlot\1373D\137plotly}{}% 322
\BOOKMARK [1][-]{Rfn.visForceLayoutPlot.1}{visForceLayoutPlot}{}% 323
\BOOKMARK [1][-]{Rfn.visGenePlot.1}{visGenePlot}{}% 324
\BOOKMARK [1][-]{Rfn.visGenePlot.Rul.2D.Rul.ggplot.1}{visGenePlot\1372D\137ggplot}{}% 325
\BOOKMARK [1][-]{Rfn.visGenePlot.Rul.3D.Rul.plotly.1}{visGenePlot\1373D\137plotly}{}% 326
\BOOKMARK [1][-]{Rfn.visPlot.1}{visPlot}{}% 327
\BOOKMARK [1][-]{Rfn.visPlot.Rul.2D.Rul.ggplot.1}{visPlot\1372D\137ggplot}{}% 328
\BOOKMARK [1][-]{Rfn.visPlot.Rul.2D.Rul.plotly.1}{visPlot\1372D\137plotly}{}% 329
\BOOKMARK [1][-]{Rfn.visPlot.Rul.3D.Rul.plotly.1}{visPlot\1373D\137plotly}{}% 330
\BOOKMARK [1][-]{Rfn.visSpatDimGenePlot.1}{visSpatDimGenePlot}{}% 331
\BOOKMARK [1][-]{Rfn.visSpatDimGenePlot.Rul.2D.1}{visSpatDimGenePlot\1372D}{}% 332
\BOOKMARK [1][-]{Rfn.visSpatDimGenePlot.Rul.3D.1}{visSpatDimGenePlot\1373D}{}% 333
\BOOKMARK [1][-]{Rfn.visSpatDimPlot.1}{visSpatDimPlot}{}% 334
\BOOKMARK [1][-]{Rfn.visSpatDimPlot.Rul.2D.1}{visSpatDimPlot\1372D}{}% 335
\BOOKMARK [1][-]{Rfn.visSpatDimPlot.Rul.3D.1}{visSpatDimPlot\1373D}{}% 336
\BOOKMARK [1][-]{Rfn.writeHMRFresults.1}{writeHMRFresults}{}% 337
\BOOKMARK [1][-]{Rfn.write.Rul.giotto.Rul.viewer.Rul.annotation.1}{write\137giotto\137viewer\137annotation}{}% 338
\BOOKMARK [1][-]{Rfn.write.Rul.giotto.Rul.viewer.Rul.dim.Rul.reduction.1}{write\137giotto\137viewer\137dim\137reduction}{}% 339
\BOOKMARK [1][-]{Rfn.write.Rul.giotto.Rul.viewer.Rul.numeric.Rul.annotation.1}{write\137giotto\137viewer\137numeric\137annotation}{}% 340
\BOOKMARK [0][-]{index.0}{Index}{}% 341
